[debug] [2025-03-28T16:34:56.866Z] ----------------------------------------------------------------------
[debug] [2025-03-28T16:34:56.869Z] Command:       C:\Program Files\nodejs\node.exe C:\Users\Chand\AppData\Roaming\npm\node_modules\firebase-tools\lib\bin\firebase.js apphosting:backends:create
[debug] [2025-03-28T16:34:56.869Z] CLI Version:   14.0.0
[debug] [2025-03-28T16:34:56.869Z] Platform:      win32
[debug] [2025-03-28T16:34:56.869Z] Node Version:  v22.14.0
[debug] [2025-03-28T16:34:56.870Z] Time:          Fri Mar 28 2025 22:04:56 GMT+0530 (India Standard Time)
[debug] [2025-03-28T16:34:56.870Z] ----------------------------------------------------------------------
[debug] 
[debug] [2025-03-28T16:34:57.026Z] Checked if tokens are valid: true, expires at: 1743181387986
[debug] [2025-03-28T16:34:57.030Z] Checked if tokens are valid: true, expires at: 1743181387986
[debug] [2025-03-28T16:34:57.031Z] >>> [apiv2][query] GET https://serviceusage.googleapis.com/v1/projects/realestate-8877b/services/firebaseapphosting.googleapis.com [none]
[debug] [2025-03-28T16:34:57.031Z] >>> [apiv2][(partial)header] GET https://serviceusage.googleapis.com/v1/projects/realestate-8877b/services/firebaseapphosting.googleapis.com x-goog-quota-user=projects/realestate-8877b
[debug] [2025-03-28T16:34:59.335Z] <<< [apiv2][status] GET https://serviceusage.googleapis.com/v1/projects/realestate-8877b/services/firebaseapphosting.googleapis.com 200
[debug] [2025-03-28T16:34:59.335Z] <<< [apiv2][body] GET https://serviceusage.googleapis.com/v1/projects/realestate-8877b/services/firebaseapphosting.googleapis.com [omitted]
[debug] [2025-03-28T16:34:59.335Z] Checked if tokens are valid: true, expires at: 1743181387986
[debug] [2025-03-28T16:34:59.336Z] Checked if tokens are valid: true, expires at: 1743181387986
[debug] [2025-03-28T16:34:59.336Z] >>> [apiv2][query] GET https://mobilesdk-pa.googleapis.com/v1/accessmanagement/tos:getStatus [none]
[debug] [2025-03-28T16:35:00.055Z] <<< [apiv2][status] GET https://mobilesdk-pa.googleapis.com/v1/accessmanagement/tos:getStatus 200
[debug] [2025-03-28T16:35:00.055Z] <<< [apiv2][body] GET https://mobilesdk-pa.googleapis.com/v1/accessmanagement/tos:getStatus {"overallStatus":"ACCEPTED","uTosStatus":{"tos":{"id":"firebase","tosId":"FIREBASE_UNIVERSAL"},"status":"ACCEPTED","acceptedVersion":6},"childTosStatus":[{"tos":{"id":"cloud","tosId":"CLOUD_PLATFORM"},"status":"ACCEPTED","acceptedVersion":36},{"tos":{"id":"firebase_b2b","tosId":"FIREBASE_B2B"},"status":"ACCEPTED","acceptedVersion":1},{"tos":{"id":"universal","tosId":"GOOGLE_APIS"},"status":"ACCEPTED","acceptedVersion":6}],"termsUrl":"https://firebase.google.com/terms","perServiceStatus":[{"tosId":"APP_CHECK","serviceStatus":{"tos":{"id":"app_check","tosId":"APP_CHECK"},"status":"ACCEPTED","acceptedVersion":3}},{"tosId":"APP_HOSTING_TOS","serviceStatus":{"tos":{"id":"app_hosting","tosId":"APP_HOSTING_TOS"},"status":"ACCEPTED","acceptedVersion":3}},{"tosId":"FIREBASE_DATA_CONNECT","serviceStatus":{"tos":{"id":"data_connect","tosId":"FIREBASE_DATA_CONNECT"},"status":"ACCEPTED","acceptedVersion":3}},{"tosId":"CORE_APPS","serviceStatus":{"tos":{"id":"core_apps","tosId":"CORE_APPS"},"status":"ACCEPTED","acceptedVersion":1}},{"tosId":"VERTEX_AI_IN_FIREBASE","serviceStatus":{"tos":{"id":"vertex_ai_in_firebase","tosId":"VERTEX_AI_IN_FIREBASE"},"status":"ACCEPTED","acceptedVersion":2}},{"tosId":"FIREBASE_CRASHLYTICS_APP_DISTRIBUTION","serviceStatus":{"tos":{"id":"firebase_crashlytics_app_distribution","tosId":"FIREBASE_CRASHLYTICS_APP_DISTRIBUTION"},"status":"ACCEPTED","acceptedVersion":4}},{"tosId":"GENERATIVE_LANGUAGE","serviceStatus":{"tos":{"id":"generative-language-api","tosId":"GENERATIVE_LANGUAGE"},"status":"ACCEPTED","acceptedVersion":3}}]}
[debug] [2025-03-28T16:35:00.055Z] Checked if tokens are valid: true, expires at: 1743181387986
[debug] [2025-03-28T16:35:00.055Z] Checked if tokens are valid: true, expires at: 1743181387986
[debug] [2025-03-28T16:35:00.056Z] Checked if tokens are valid: true, expires at: 1743181387986
[debug] [2025-03-28T16:35:00.056Z] Checked if tokens are valid: true, expires at: 1743181387986
[debug] [2025-03-28T16:35:00.056Z] Checked if tokens are valid: true, expires at: 1743181387986
[debug] [2025-03-28T16:35:00.056Z] Checked if tokens are valid: true, expires at: 1743181387986
[debug] [2025-03-28T16:35:00.056Z] Checked if tokens are valid: true, expires at: 1743181387986
[debug] [2025-03-28T16:35:00.056Z] Checked if tokens are valid: true, expires at: 1743181387986
[debug] [2025-03-28T16:35:00.056Z] Checked if tokens are valid: true, expires at: 1743181387986
[debug] [2025-03-28T16:35:00.056Z] Checked if tokens are valid: true, expires at: 1743181387986
[debug] [2025-03-28T16:35:00.056Z] Checked if tokens are valid: true, expires at: 1743181387986
[debug] [2025-03-28T16:35:00.056Z] Checked if tokens are valid: true, expires at: 1743181387986
[debug] [2025-03-28T16:35:00.056Z] >>> [apiv2][query] GET https://serviceusage.googleapis.com/v1/projects/realestate-8877b/services/developerconnect.googleapis.com [none]
[debug] [2025-03-28T16:35:00.056Z] >>> [apiv2][(partial)header] GET https://serviceusage.googleapis.com/v1/projects/realestate-8877b/services/developerconnect.googleapis.com x-goog-quota-user=projects/realestate-8877b
[debug] [2025-03-28T16:35:00.057Z] >>> [apiv2][query] GET https://serviceusage.googleapis.com/v1/projects/realestate-8877b/services/cloudbuild.googleapis.com [none]
[debug] [2025-03-28T16:35:00.057Z] >>> [apiv2][(partial)header] GET https://serviceusage.googleapis.com/v1/projects/realestate-8877b/services/cloudbuild.googleapis.com x-goog-quota-user=projects/realestate-8877b
[debug] [2025-03-28T16:35:00.058Z] >>> [apiv2][query] GET https://serviceusage.googleapis.com/v1/projects/realestate-8877b/services/secretmanager.googleapis.com [none]
[debug] [2025-03-28T16:35:00.058Z] >>> [apiv2][(partial)header] GET https://serviceusage.googleapis.com/v1/projects/realestate-8877b/services/secretmanager.googleapis.com x-goog-quota-user=projects/realestate-8877b
[debug] [2025-03-28T16:35:00.059Z] >>> [apiv2][query] GET https://serviceusage.googleapis.com/v1/projects/realestate-8877b/services/run.googleapis.com [none]
[debug] [2025-03-28T16:35:00.059Z] >>> [apiv2][(partial)header] GET https://serviceusage.googleapis.com/v1/projects/realestate-8877b/services/run.googleapis.com x-goog-quota-user=projects/realestate-8877b
[debug] [2025-03-28T16:35:00.060Z] >>> [apiv2][query] GET https://serviceusage.googleapis.com/v1/projects/realestate-8877b/services/artifactregistry.googleapis.com [none]
[debug] [2025-03-28T16:35:00.060Z] >>> [apiv2][(partial)header] GET https://serviceusage.googleapis.com/v1/projects/realestate-8877b/services/artifactregistry.googleapis.com x-goog-quota-user=projects/realestate-8877b
[debug] [2025-03-28T16:35:00.062Z] >>> [apiv2][query] GET https://serviceusage.googleapis.com/v1/projects/realestate-8877b/services/iam.googleapis.com [none]
[debug] [2025-03-28T16:35:00.062Z] >>> [apiv2][(partial)header] GET https://serviceusage.googleapis.com/v1/projects/realestate-8877b/services/iam.googleapis.com x-goog-quota-user=projects/realestate-8877b
[debug] [2025-03-28T16:35:01.813Z] <<< [apiv2][status] GET https://serviceusage.googleapis.com/v1/projects/realestate-8877b/services/developerconnect.googleapis.com 200
[debug] [2025-03-28T16:35:01.813Z] <<< [apiv2][body] GET https://serviceusage.googleapis.com/v1/projects/realestate-8877b/services/developerconnect.googleapis.com [omitted]
[debug] [2025-03-28T16:35:02.122Z] <<< [apiv2][status] GET https://serviceusage.googleapis.com/v1/projects/realestate-8877b/services/iam.googleapis.com 200
[debug] [2025-03-28T16:35:02.122Z] <<< [apiv2][body] GET https://serviceusage.googleapis.com/v1/projects/realestate-8877b/services/iam.googleapis.com [omitted]
[debug] [2025-03-28T16:35:02.123Z] <<< [apiv2][status] GET https://serviceusage.googleapis.com/v1/projects/realestate-8877b/services/secretmanager.googleapis.com 200
[debug] [2025-03-28T16:35:02.123Z] <<< [apiv2][body] GET https://serviceusage.googleapis.com/v1/projects/realestate-8877b/services/secretmanager.googleapis.com [omitted]
[debug] [2025-03-28T16:35:02.123Z] <<< [apiv2][status] GET https://serviceusage.googleapis.com/v1/projects/realestate-8877b/services/run.googleapis.com 200
[debug] [2025-03-28T16:35:02.123Z] <<< [apiv2][body] GET https://serviceusage.googleapis.com/v1/projects/realestate-8877b/services/run.googleapis.com [omitted]
[debug] [2025-03-28T16:35:02.124Z] <<< [apiv2][status] GET https://serviceusage.googleapis.com/v1/projects/realestate-8877b/services/cloudbuild.googleapis.com 200
[debug] [2025-03-28T16:35:02.124Z] <<< [apiv2][body] GET https://serviceusage.googleapis.com/v1/projects/realestate-8877b/services/cloudbuild.googleapis.com [omitted]
[debug] [2025-03-28T16:35:02.125Z] <<< [apiv2][status] GET https://serviceusage.googleapis.com/v1/projects/realestate-8877b/services/artifactregistry.googleapis.com 200
[debug] [2025-03-28T16:35:02.125Z] <<< [apiv2][body] GET https://serviceusage.googleapis.com/v1/projects/realestate-8877b/services/artifactregistry.googleapis.com [omitted]
[debug] [2025-03-28T16:35:02.125Z] Checked if tokens are valid: true, expires at: 1743181387986
[debug] [2025-03-28T16:35:02.125Z] Checked if tokens are valid: true, expires at: 1743181387986
[debug] [2025-03-28T16:35:02.125Z] >>> [apiv2][query] POST https://iam.googleapis.com/v1/projects/realestate-8877b/serviceAccounts/firebase-app-hosting-compute@realestate-8877b.iam.gserviceaccount.com:testIamPermissions [none]
[debug] [2025-03-28T16:35:02.125Z] >>> [apiv2][(partial)header] POST https://iam.googleapis.com/v1/projects/realestate-8877b/serviceAccounts/firebase-app-hosting-compute@realestate-8877b.iam.gserviceaccount.com:testIamPermissions x-goog-quota-user=projects/realestate-8877b
[debug] [2025-03-28T16:35:02.125Z] >>> [apiv2][body] POST https://iam.googleapis.com/v1/projects/realestate-8877b/serviceAccounts/firebase-app-hosting-compute@realestate-8877b.iam.gserviceaccount.com:testIamPermissions {"permissions":["iam.serviceAccounts.actAs"]}
[debug] [2025-03-28T16:35:03.774Z] <<< [apiv2][status] POST https://iam.googleapis.com/v1/projects/realestate-8877b/serviceAccounts/firebase-app-hosting-compute@realestate-8877b.iam.gserviceaccount.com:testIamPermissions 200
[debug] [2025-03-28T16:35:03.775Z] <<< [apiv2][body] POST https://iam.googleapis.com/v1/projects/realestate-8877b/serviceAccounts/firebase-app-hosting-compute@realestate-8877b.iam.gserviceaccount.com:testIamPermissions {"permissions":["iam.serviceAccounts.actAs"]}
[debug] [2025-03-28T16:35:03.775Z] Checked if tokens are valid: true, expires at: 1743181387986
[debug] [2025-03-28T16:35:03.775Z] Checked if tokens are valid: true, expires at: 1743181387986
[debug] [2025-03-28T16:35:03.775Z] >>> [apiv2][query] GET https://firebaseapphosting.googleapis.com/v1beta/projects/realestate-8877b/locations 
[debug] [2025-03-28T16:35:05.908Z] <<< [apiv2][status] GET https://firebaseapphosting.googleapis.com/v1beta/projects/realestate-8877b/locations 200
[debug] [2025-03-28T16:35:05.909Z] <<< [apiv2][body] GET https://firebaseapphosting.googleapis.com/v1beta/projects/realestate-8877b/locations {"locations":[{"name":"projects/realestate-8877b/locations/asia-east1","locationId":"asia-east1","displayName":"Taiwan"},{"name":"projects/realestate-8877b/locations/europe-west4","locationId":"europe-west4","displayName":"Netherlands"},{"name":"projects/realestate-8877b/locations/us-central1","locationId":"us-central1","displayName":"Iowa"}]}
[info] +  Location set to us-central1.
 
[info] i  === Import a GitHub repository 
[debug] [2025-03-28T16:35:18.136Z] Checked if tokens are valid: true, expires at: 1743181387986
[debug] [2025-03-28T16:35:18.136Z] Checked if tokens are valid: true, expires at: 1743181387986
[debug] [2025-03-28T16:35:18.136Z] >>> [apiv2][query] GET https://developerconnect.googleapis.com/v1/projects/realestate-8877b/locations/us-central1/connections/firebase-app-hosting-github-oauth [none]
[debug] [2025-03-28T16:35:20.349Z] <<< [apiv2][status] GET https://developerconnect.googleapis.com/v1/projects/realestate-8877b/locations/us-central1/connections/firebase-app-hosting-github-oauth 200
[debug] [2025-03-28T16:35:20.349Z] <<< [apiv2][body] GET https://developerconnect.googleapis.com/v1/projects/realestate-8877b/locations/us-central1/connections/firebase-app-hosting-github-oauth {"name":"projects/realestate-8877b/locations/us-central1/connections/firebase-app-hosting-github-oauth","createTime":"2025-03-28T14:38:28.916388479Z","updateTime":"2025-03-28T14:39:16.364705785Z","githubConfig":{"githubApp":"FIREBASE","authorizerCredential":{"oauthTokenSecretVersion":"projects/realestate-8877b/secrets/firebase-app-hosting-github-oauth-github-oauthtoken-9f3782/versions/latest","username":"Chandrujaganath"},"appInstallationId":"63293380","installationUri":"https://github.com/settings/installations/63293380"},"installationState":{"stage":"COMPLETE"}}
[info] +  Connected with GitHub successfully
 
[debug] [2025-03-28T16:35:20.350Z] Checked if tokens are valid: true, expires at: 1743181387986
[debug] [2025-03-28T16:35:20.350Z] Checked if tokens are valid: true, expires at: 1743181387986
[debug] [2025-03-28T16:35:20.350Z] >>> [apiv2][query] GET https://developerconnect.googleapis.com/v1/projects/realestate-8877b/locations/us-central1/connections/firebase-app-hosting-github-oauth:fetchGitHubInstallations [none]
[debug] [2025-03-28T16:35:21.006Z] <<< [apiv2][status] GET https://developerconnect.googleapis.com/v1/projects/realestate-8877b/locations/us-central1/connections/firebase-app-hosting-github-oauth:fetchGitHubInstallations 200
[debug] [2025-03-28T16:35:21.006Z] <<< [apiv2][body] GET https://developerconnect.googleapis.com/v1/projects/realestate-8877b/locations/us-central1/connections/firebase-app-hosting-github-oauth:fetchGitHubInstallations {"installations":[{"id":"63293380","name":"Chandrujaganath","type":"user"}]}
[debug] [2025-03-28T16:35:28.818Z] Checked if tokens are valid: true, expires at: 1743181387986
[debug] [2025-03-28T16:35:28.818Z] Checked if tokens are valid: true, expires at: 1743181387986
[debug] [2025-03-28T16:35:28.819Z] >>> [apiv2][query] GET https://developerconnect.googleapis.com/v1/projects/realestate-8877b/locations/us-central1/connections pageSize=1000&pageToken=
[debug] [2025-03-28T16:35:30.791Z] <<< [apiv2][status] GET https://developerconnect.googleapis.com/v1/projects/realestate-8877b/locations/us-central1/connections 200
[debug] [2025-03-28T16:35:30.791Z] <<< [apiv2][body] GET https://developerconnect.googleapis.com/v1/projects/realestate-8877b/locations/us-central1/connections {"connections":[{"name":"projects/realestate-8877b/locations/us-central1/connections/apphosting-github-conn-phyyzm","createTime":"2025-03-28T14:39:22.217557135Z","updateTime":"2025-03-28T14:39:22.940863667Z","githubConfig":{"githubApp":"FIREBASE","authorizerCredential":{"oauthTokenSecretVersion":"projects/realestate-8877b/secrets/firebase-app-hosting-github-oauth-github-oauthtoken-9f3782/versions/latest","username":"Chandrujaganath"},"appInstallationId":"63293380","installationUri":"https://github.com/settings/installations/63293380"},"installationState":{"stage":"COMPLETE"}},{"name":"projects/realestate-8877b/locations/us-central1/connections/firebase-app-hosting-github-oauth","createTime":"2025-03-28T14:38:28.916388479Z","updateTime":"2025-03-28T14:39:16.364705785Z","githubConfig":{"githubApp":"FIREBASE","authorizerCredential":{"oauthTokenSecretVersion":"projects/realestate-8877b/secrets/firebase-app-hosting-github-oauth-github-oauthtoken-9f3782/versions/latest","username":"Chandrujaganath"},"appInstallationId":"63293380","installationUri":"https://github.com/settings/installations/63293380"},"installationState":{"stage":"COMPLETE"}}]}
[info] i  Reusing matching connection apphosting-github-conn-phyyzm 
[debug] [2025-03-28T16:35:30.792Z] Checked if tokens are valid: true, expires at: 1743181387986
[debug] [2025-03-28T16:35:30.792Z] Checked if tokens are valid: true, expires at: 1743181387986
[debug] [2025-03-28T16:35:30.792Z] >>> [apiv2][query] GET https://developerconnect.googleapis.com/v1/projects/realestate-8877b/locations/us-central1/connections/apphosting-github-conn-phyyzm:fetchLinkableGitRepositories pageSize=1000&pageToken=
[debug] [2025-03-28T16:35:31.770Z] <<< [apiv2][status] GET https://developerconnect.googleapis.com/v1/projects/realestate-8877b/locations/us-central1/connections/apphosting-github-conn-phyyzm:fetchLinkableGitRepositories 200
[debug] [2025-03-28T16:35:31.771Z] <<< [apiv2][body] GET https://developerconnect.googleapis.com/v1/projects/realestate-8877b/locations/us-central1/connections/apphosting-github-conn-phyyzm:fetchLinkableGitRepositories {"linkableGitRepositories":[{"cloneUri":"https://github.com/Chandrujaganath/caparo-futuristic-ui.git"},{"cloneUri":"https://github.com/Chandrujaganath/caparo-lightwave.git"},{"cloneUri":"https://github.com/Chandrujaganath/digital_hr.git"},{"cloneUri":"https://github.com/Chandrujaganath/Employee_management_system_using_Flutter.git"},{"cloneUri":"https://github.com/Chandrujaganath/industrial-battery-inspectron.git"},{"cloneUri":"https://github.com/Chandrujaganath/multi-platform-insight.git"},{"cloneUri":"https://github.com/Chandrujaganath/openproject.git"},{"cloneUri":"https://github.com/Chandrujaganath/plotapp.git"},{"cloneUri":"https://github.com/Chandrujaganath/realestateapp.git"},{"cloneUri":"https://github.com/Chandrujaganath/scanlytics-master.git"},{"cloneUri":"https://github.com/Chandrujaganath/sleek-service-report.git"},{"cloneUri":"https://github.com/Chandrujaganath/sleekcharge-ui.git"},{"cloneUri":"https://github.com/Chandrujaganath/Staff-link.git"},{"cloneUri":"https://github.com/Chandrujaganath/statispark.git"},{"cloneUri":"https://github.com/Chandrujaganath/Test.git"},{"cloneUri":"https://github.com/Chandrujaganath/Zenn.git"},{"cloneUri":"https://github.com/Chandrujaganath/Zenn_AI_Test.git"},{"cloneUri":"https://github.com/Chandrujaganath/zesty-waitron-hub.git"},{"cloneUri":"https://github.com/Chandrujaganath/ZPlotapp.git"},{"cloneUri":"https://github.com/Chandrujaganath/zstafflink.git"},{"cloneUri":"https://github.com/Chandrujaganath/zstafflinkfinal.git"},{"cloneUri":"https://github.com/Chandrujaganath/zstafflink_admin.git"},{"cloneUri":"https://github.com/Chandrujaganath/z_emp.git"}]}
[debug] [2025-03-28T16:35:43.653Z] Checked if tokens are valid: true, expires at: 1743181387986
[debug] [2025-03-28T16:35:43.654Z] Checked if tokens are valid: true, expires at: 1743181387986
[debug] [2025-03-28T16:35:43.654Z] >>> [apiv2][query] GET https://developerconnect.googleapis.com/v1/projects/realestate-8877b/locations/us-central1/connections/apphosting-github-conn-phyyzm [none]
[debug] [2025-03-28T16:35:45.741Z] <<< [apiv2][status] GET https://developerconnect.googleapis.com/v1/projects/realestate-8877b/locations/us-central1/connections/apphosting-github-conn-phyyzm 200
[debug] [2025-03-28T16:35:45.741Z] <<< [apiv2][body] GET https://developerconnect.googleapis.com/v1/projects/realestate-8877b/locations/us-central1/connections/apphosting-github-conn-phyyzm {"name":"projects/realestate-8877b/locations/us-central1/connections/apphosting-github-conn-phyyzm","createTime":"2025-03-28T14:39:22.217557135Z","updateTime":"2025-03-28T14:39:22.940863667Z","githubConfig":{"githubApp":"FIREBASE","authorizerCredential":{"oauthTokenSecretVersion":"projects/realestate-8877b/secrets/firebase-app-hosting-github-oauth-github-oauthtoken-9f3782/versions/latest","username":"Chandrujaganath"},"appInstallationId":"63293380","installationUri":"https://github.com/settings/installations/63293380"},"installationState":{"stage":"COMPLETE"}}
[debug] [2025-03-28T16:35:45.741Z] Checked if tokens are valid: true, expires at: 1743181387986
[debug] [2025-03-28T16:35:45.741Z] Checked if tokens are valid: true, expires at: 1743181387986
[debug] [2025-03-28T16:35:45.741Z] >>> [apiv2][query] GET https://developerconnect.googleapis.com/v1/projects/realestate-8877b/locations/us-central1/connections/apphosting-github-conn-phyyzm/gitRepositoryLinks/Chandrujaganath-ZPlotapp [none]
[debug] [2025-03-28T16:35:46.120Z] <<< [apiv2][status] GET https://developerconnect.googleapis.com/v1/projects/realestate-8877b/locations/us-central1/connections/apphosting-github-conn-phyyzm/gitRepositoryLinks/Chandrujaganath-ZPlotapp 200
[debug] [2025-03-28T16:35:46.120Z] <<< [apiv2][body] GET https://developerconnect.googleapis.com/v1/projects/realestate-8877b/locations/us-central1/connections/apphosting-github-conn-phyyzm/gitRepositoryLinks/Chandrujaganath-ZPlotapp {"name":"projects/realestate-8877b/locations/us-central1/connections/apphosting-github-conn-phyyzm/gitRepositoryLinks/Chandrujaganath-ZPlotapp","cloneUri":"https://github.com/Chandrujaganath/ZPlotapp.git","createTime":"2025-03-28T14:39:38.899402310Z","updateTime":"2025-03-28T14:39:39.347410087Z"}
[debug] [2025-03-28T16:35:58.554Z] Checked if tokens are valid: true, expires at: 1743181387986
[debug] [2025-03-28T16:35:58.554Z] Checked if tokens are valid: true, expires at: 1743181387986
[debug] [2025-03-28T16:35:58.554Z] >>> [apiv2][query] GET https://developerconnect.googleapis.com/v1/projects/realestate-8877b/locations/us-central1/connections/apphosting-github-conn-phyyzm/gitRepositoryLinks/Chandrujaganath-ZPlotapp:fetchGitRefs refType=BRANCH&pageSize=1000&pageToken=
[debug] [2025-03-28T16:36:00.897Z] <<< [apiv2][status] GET https://developerconnect.googleapis.com/v1/projects/realestate-8877b/locations/us-central1/connections/apphosting-github-conn-phyyzm/gitRepositoryLinks/Chandrujaganath-ZPlotapp:fetchGitRefs 200
[debug] [2025-03-28T16:36:00.897Z] <<< [apiv2][body] GET https://developerconnect.googleapis.com/v1/projects/realestate-8877b/locations/us-central1/connections/apphosting-github-conn-phyyzm/gitRepositoryLinks/Chandrujaganath-ZPlotapp:fetchGitRefs {"refNames":["main"]}
[warn] !  The branch "main" does not exist on "Chandrujaganath/ZPlotapp". Please enter a valid branch for this repo. 
[info] +  Repo linked successfully!
 
[info] i  === Set up your backend 
[debug] [2025-03-28T16:36:19.120Z] Checked if tokens are valid: true, expires at: 1743181387986
[debug] [2025-03-28T16:36:19.120Z] Checked if tokens are valid: true, expires at: 1743181387986
[debug] [2025-03-28T16:36:19.121Z] >>> [apiv2][query] GET https://firebaseapphosting.googleapis.com/v1beta/projects/realestate-8877b/locations/us-central1/backends/realestateapp [none]
[debug] [2025-03-28T16:36:21.683Z] <<< [apiv2][status] GET https://firebaseapphosting.googleapis.com/v1beta/projects/realestate-8877b/locations/us-central1/backends/realestateapp 404
[debug] [2025-03-28T16:36:21.683Z] <<< [apiv2][body] GET https://firebaseapphosting.googleapis.com/v1beta/projects/realestate-8877b/locations/us-central1/backends/realestateapp {"error":{"code":404,"message":"Resource 'projects/realestate-8877b/locations/us-central1/backends/realestateapp' was not found","status":"NOT_FOUND","details":[{"@type":"type.googleapis.com/google.rpc.ResourceInfo","resourceName":"projects/realestate-8877b/locations/us-central1/backends/realestateapp"}]}}
[info] +  Name set to realestateapp
 
[debug] [2025-03-28T16:36:21.685Z] Checked if tokens are valid: true, expires at: 1743181387986
[debug] [2025-03-28T16:36:21.685Z] Checked if tokens are valid: true, expires at: 1743181387986
[debug] [2025-03-28T16:36:21.685Z] >>> [apiv2][query] GET https://firebase.googleapis.com/v1beta1/projects/realestate-8877b/webApps pageSize=100
[debug] [2025-03-28T16:36:22.387Z] <<< [apiv2][status] GET https://firebase.googleapis.com/v1beta1/projects/realestate-8877b/webApps 200
[debug] [2025-03-28T16:36:22.387Z] <<< [apiv2][body] GET https://firebase.googleapis.com/v1beta1/projects/realestate-8877b/webApps {"apps":[{"name":"projects/realestate-8877b/webApps/1:172592249579:web:d293d9f4a5c3b2b81e5cae","appId":"1:172592249579:web:d293d9f4a5c3b2b81e5cae","displayName":"realestate","projectId":"realestate-8877b","webId":"YmQ3NDIyOWQtMjc4Yi00N2VjLWFlNTUtZTg2OWY5NTAzY2Zi","apiKeyId":"a6ec0cb0-5b7a-4e64-a574-57182a06d6b4","state":"ACTIVE","expireTime":"1970-01-01T00:00:00Z","etag":"1_d175dc8c-a05c-4789-9c8f-ed367b770e42"}]}
[debug] [2025-03-28T16:36:22.387Z] Checked if tokens are valid: true, expires at: 1743181387986
[debug] [2025-03-28T16:36:22.387Z] Checked if tokens are valid: true, expires at: 1743181387986
[debug] [2025-03-28T16:36:22.387Z] >>> [apiv2][query] GET https://firebase.googleapis.com/v1beta1/projects/realestate-8877b/webApps pageSize=100
[debug] [2025-03-28T16:36:22.932Z] <<< [apiv2][status] GET https://firebase.googleapis.com/v1beta1/projects/realestate-8877b/webApps 200
[debug] [2025-03-28T16:36:22.933Z] <<< [apiv2][body] GET https://firebase.googleapis.com/v1beta1/projects/realestate-8877b/webApps {"apps":[{"name":"projects/realestate-8877b/webApps/1:172592249579:web:d293d9f4a5c3b2b81e5cae","appId":"1:172592249579:web:d293d9f4a5c3b2b81e5cae","displayName":"realestate","projectId":"realestate-8877b","webId":"YmQ3NDIyOWQtMjc4Yi00N2VjLWFlNTUtZTg2OWY5NTAzY2Zi","apiKeyId":"a6ec0cb0-5b7a-4e64-a574-57182a06d6b4","state":"ACTIVE","expireTime":"1970-01-01T00:00:00Z","etag":"1_d175dc8c-a05c-4789-9c8f-ed367b770e42"}]}
[debug] [2025-03-28T16:36:22.933Z] Checked if tokens are valid: true, expires at: 1743181387986
[debug] [2025-03-28T16:36:22.933Z] Checked if tokens are valid: true, expires at: 1743181387986
[debug] [2025-03-28T16:36:22.933Z] >>> [apiv2][query] POST https://firebase.googleapis.com/v1beta1/projects/realestate-8877b/webApps [none]
[debug] [2025-03-28T16:36:22.933Z] >>> [apiv2][body] POST https://firebase.googleapis.com/v1beta1/projects/realestate-8877b/webApps {"displayName":"realestateapp"}
[debug] [2025-03-28T16:36:24.888Z] <<< [apiv2][status] POST https://firebase.googleapis.com/v1beta1/projects/realestate-8877b/webApps 200
[debug] [2025-03-28T16:36:24.888Z] <<< [apiv2][body] POST https://firebase.googleapis.com/v1beta1/projects/realestate-8877b/webApps {"name":"operations/workflows/NGJmZDc0NTYtMzk2Ny00MTRmLTliYjUtNWI5NmRmNmE0ZWQz"}
[debug] [2025-03-28T16:36:24.889Z] Checked if tokens are valid: true, expires at: 1743181387986
[debug] [2025-03-28T16:36:24.889Z] Checked if tokens are valid: true, expires at: 1743181387986
[debug] [2025-03-28T16:36:24.889Z] >>> [apiv2][query] GET https://firebase.googleapis.com/v1beta1/operations/workflows/NGJmZDc0NTYtMzk2Ny00MTRmLTliYjUtNWI5NmRmNmE0ZWQz [none]
[debug] [2025-03-28T16:36:25.629Z] <<< [apiv2][status] GET https://firebase.googleapis.com/v1beta1/operations/workflows/NGJmZDc0NTYtMzk2Ny00MTRmLTliYjUtNWI5NmRmNmE0ZWQz 200
[debug] [2025-03-28T16:36:25.629Z] <<< [apiv2][body] GET https://firebase.googleapis.com/v1beta1/operations/workflows/NGJmZDc0NTYtMzk2Ny00MTRmLTliYjUtNWI5NmRmNmE0ZWQz {"name":"operations/workflows/NGJmZDc0NTYtMzk2Ny00MTRmLTliYjUtNWI5NmRmNmE0ZWQz"}
[debug] [2025-03-28T16:36:26.133Z] [Create Web app Poller] Retrying task index 0
[debug] [2025-03-28T16:36:26.133Z] Checked if tokens are valid: true, expires at: 1743181387986
[debug] [2025-03-28T16:36:26.133Z] Checked if tokens are valid: true, expires at: 1743181387986
[debug] [2025-03-28T16:36:26.133Z] >>> [apiv2][query] GET https://firebase.googleapis.com/v1beta1/operations/workflows/NGJmZDc0NTYtMzk2Ny00MTRmLTliYjUtNWI5NmRmNmE0ZWQz [none]
[debug] [2025-03-28T16:36:26.803Z] <<< [apiv2][status] GET https://firebase.googleapis.com/v1beta1/operations/workflows/NGJmZDc0NTYtMzk2Ny00MTRmLTliYjUtNWI5NmRmNmE0ZWQz 200
[debug] [2025-03-28T16:36:26.803Z] <<< [apiv2][body] GET https://firebase.googleapis.com/v1beta1/operations/workflows/NGJmZDc0NTYtMzk2Ny00MTRmLTliYjUtNWI5NmRmNmE0ZWQz {"name":"operations/workflows/NGJmZDc0NTYtMzk2Ny00MTRmLTliYjUtNWI5NmRmNmE0ZWQz"}
[debug] [2025-03-28T16:36:27.809Z] [Create Web app Poller] Retrying task index 0
[debug] [2025-03-28T16:36:27.809Z] Checked if tokens are valid: true, expires at: 1743181387986
[debug] [2025-03-28T16:36:27.809Z] Checked if tokens are valid: true, expires at: 1743181387986
[debug] [2025-03-28T16:36:27.810Z] >>> [apiv2][query] GET https://firebase.googleapis.com/v1beta1/operations/workflows/NGJmZDc0NTYtMzk2Ny00MTRmLTliYjUtNWI5NmRmNmE0ZWQz [none]
[debug] [2025-03-28T16:36:28.671Z] <<< [apiv2][status] GET https://firebase.googleapis.com/v1beta1/operations/workflows/NGJmZDc0NTYtMzk2Ny00MTRmLTliYjUtNWI5NmRmNmE0ZWQz 200
[debug] [2025-03-28T16:36:28.671Z] <<< [apiv2][body] GET https://firebase.googleapis.com/v1beta1/operations/workflows/NGJmZDc0NTYtMzk2Ny00MTRmLTliYjUtNWI5NmRmNmE0ZWQz {"name":"operations/workflows/NGJmZDc0NTYtMzk2Ny00MTRmLTliYjUtNWI5NmRmNmE0ZWQz"}
[debug] [2025-03-28T16:36:30.677Z] [Create Web app Poller] Retrying task index 0
[debug] [2025-03-28T16:36:30.677Z] Checked if tokens are valid: true, expires at: 1743181387986
[debug] [2025-03-28T16:36:30.677Z] Checked if tokens are valid: true, expires at: 1743181387986
[debug] [2025-03-28T16:36:30.677Z] >>> [apiv2][query] GET https://firebase.googleapis.com/v1beta1/operations/workflows/NGJmZDc0NTYtMzk2Ny00MTRmLTliYjUtNWI5NmRmNmE0ZWQz [none]
[debug] [2025-03-28T16:36:31.385Z] <<< [apiv2][status] GET https://firebase.googleapis.com/v1beta1/operations/workflows/NGJmZDc0NTYtMzk2Ny00MTRmLTliYjUtNWI5NmRmNmE0ZWQz 200
[debug] [2025-03-28T16:36:31.385Z] <<< [apiv2][body] GET https://firebase.googleapis.com/v1beta1/operations/workflows/NGJmZDc0NTYtMzk2Ny00MTRmLTliYjUtNWI5NmRmNmE0ZWQz {"name":"operations/workflows/NGJmZDc0NTYtMzk2Ny00MTRmLTliYjUtNWI5NmRmNmE0ZWQz","done":true,"response":{"@type":"type.googleapis.com/google.firebase.service.v1beta1.WebApp","name":"projects/realestate-8877b/webApps/1:172592249579:web:8fe1b169956c795b1e5cae","appId":"1:172592249579:web:8fe1b169956c795b1e5cae","displayName":"realestateapp","projectId":"realestate-8877b","webId":"ZDI0NGE5YjEtNjg2Yi00YTJlLWE3NDEtOTg3YWY0NTg2YWUx","apiKeyId":"a6ec0cb0-5b7a-4e64-a574-57182a06d6b4","state":"ACTIVE","expireTime":"1970-01-01T00:00:00Z","etag":"1_2eae8305-f456-4c97-9d6d-ee8193dc58a9"}}
[info] +  Created a new Firebase web app named "realestateapp" 
[debug] [2025-03-28T16:36:31.387Z] Checked if tokens are valid: true, expires at: 1743181387986
[debug] [2025-03-28T16:36:31.387Z] Checked if tokens are valid: true, expires at: 1743181387986
[debug] [2025-03-28T16:36:31.387Z] >>> [apiv2][query] POST https://firebaseapphosting.googleapis.com/v1beta/projects/realestate-8877b/locations/us-central1/backends backendId=realestateapp
[debug] [2025-03-28T16:36:31.387Z] >>> [apiv2][body] POST https://firebaseapphosting.googleapis.com/v1beta/projects/realestate-8877b/locations/us-central1/backends {"servingLocality":"GLOBAL_ACCESS","codebase":{"repository":"projects/realestate-8877b/locations/us-central1/connections/apphosting-github-conn-phyyzm/gitRepositoryLinks/Chandrujaganath-ZPlotapp","rootDirectory":"/"},"labels":{"deployment-tool":"cli-firebase"},"serviceAccount":"firebase-app-hosting-compute@realestate-8877b.iam.gserviceaccount.com","appId":"1:172592249579:web:8fe1b169956c795b1e5cae"}
[debug] [2025-03-28T16:36:33.741Z] <<< [apiv2][status] POST https://firebaseapphosting.googleapis.com/v1beta/projects/realestate-8877b/locations/us-central1/backends 200
[debug] [2025-03-28T16:36:33.741Z] <<< [apiv2][body] POST https://firebaseapphosting.googleapis.com/v1beta/projects/realestate-8877b/locations/us-central1/backends {"name":"projects/realestate-8877b/locations/us-central1/operations/operation-1743179794999-63169ac75e8a9-0c6f95c5-ab1ca4bc","metadata":{"@type":"type.googleapis.com/google.firebase.apphosting.v1beta.OperationMetadata","createTime":"2025-03-28T16:36:35.480368141Z","target":"projects/realestate-8877b/locations/us-central1/backends/realestateapp","verb":"create","requestedCancellation":false,"apiVersion":"v1beta"},"done":false}
[debug] [2025-03-28T16:36:33.742Z] Checked if tokens are valid: true, expires at: 1743181387986
[debug] [2025-03-28T16:36:33.742Z] Checked if tokens are valid: true, expires at: 1743181387986
[debug] [2025-03-28T16:36:33.742Z] >>> [apiv2][query] GET https://firebaseapphosting.googleapis.com/v1beta/projects/realestate-8877b/locations/us-central1/operations/operation-1743179794999-63169ac75e8a9-0c6f95c5-ab1ca4bc [none]
[debug] [2025-03-28T16:36:34.059Z] <<< [apiv2][status] GET https://firebaseapphosting.googleapis.com/v1beta/projects/realestate-8877b/locations/us-central1/operations/operation-1743179794999-63169ac75e8a9-0c6f95c5-ab1ca4bc 200
[debug] [2025-03-28T16:36:34.059Z] <<< [apiv2][body] GET https://firebaseapphosting.googleapis.com/v1beta/projects/realestate-8877b/locations/us-central1/operations/operation-1743179794999-63169ac75e8a9-0c6f95c5-ab1ca4bc {"name":"projects/realestate-8877b/locations/us-central1/operations/operation-1743179794999-63169ac75e8a9-0c6f95c5-ab1ca4bc","metadata":{"@type":"type.googleapis.com/google.firebase.apphosting.v1beta.OperationMetadata","createTime":"2025-03-28T16:36:35.480368141Z","target":"projects/realestate-8877b/locations/us-central1/backends/realestateapp","verb":"create","requestedCancellation":false,"apiVersion":"v1beta"},"done":false}
[debug] [2025-03-28T16:36:34.573Z] [create-realestate-8877b-us-central1-realestateapp] Retrying task index 0
[debug] [2025-03-28T16:36:34.573Z] Checked if tokens are valid: true, expires at: 1743181387986
[debug] [2025-03-28T16:36:34.573Z] Checked if tokens are valid: true, expires at: 1743181387986
[debug] [2025-03-28T16:36:34.573Z] >>> [apiv2][query] GET https://firebaseapphosting.googleapis.com/v1beta/projects/realestate-8877b/locations/us-central1/operations/operation-1743179794999-63169ac75e8a9-0c6f95c5-ab1ca4bc [none]
[debug] [2025-03-28T16:36:34.977Z] <<< [apiv2][status] GET https://firebaseapphosting.googleapis.com/v1beta/projects/realestate-8877b/locations/us-central1/operations/operation-1743179794999-63169ac75e8a9-0c6f95c5-ab1ca4bc 200
[debug] [2025-03-28T16:36:34.978Z] <<< [apiv2][body] GET https://firebaseapphosting.googleapis.com/v1beta/projects/realestate-8877b/locations/us-central1/operations/operation-1743179794999-63169ac75e8a9-0c6f95c5-ab1ca4bc {"name":"projects/realestate-8877b/locations/us-central1/operations/operation-1743179794999-63169ac75e8a9-0c6f95c5-ab1ca4bc","metadata":{"@type":"type.googleapis.com/google.firebase.apphosting.v1beta.OperationMetadata","createTime":"2025-03-28T16:36:35.480368141Z","endTime":"2025-03-28T16:36:35.860121966Z","target":"projects/realestate-8877b/locations/us-central1/backends/realestateapp","verb":"create","requestedCancellation":false,"apiVersion":"v1beta"},"done":true,"response":{"@type":"type.googleapis.com/google.firebase.apphosting.v1beta.Backend","name":"projects/realestate-8877b/locations/us-central1/backends/realestateapp","createTime":"2025-03-28T16:36:35.473839549Z","updateTime":"2025-03-28T16:36:35.847878Z","labels":{"deployment-tool":"cli-firebase"},"uri":"realestateapp--realestate-8877b.us-central1.hosted.app","codebase":{"repository":"projects/realestate-8877b/locations/us-central1/connections/apphosting-github-conn-phyyzm/gitRepositoryLinks/Chandrujaganath-ZPlotapp","rootDirectory":"/"},"uid":"185a6cd6-3fa5-4fc7-8f6e-6808fc37ee9c","etag":"myDPDTOu09zy9W5pcQ1PewPdPZDZzLIYVynWEdS9Gvg","reconciling":false,"servingLocality":"GLOBAL_ACCESS","serviceAccount":"firebase-app-hosting-compute@realestate-8877b.iam.gserviceaccount.com","appId":"1:172592249579:web:8fe1b169956c795b1e5cae"}}
[debug] [2025-03-28T16:36:34.978Z] Checked if tokens are valid: true, expires at: 1743181387986
[debug] [2025-03-28T16:36:34.979Z] Checked if tokens are valid: true, expires at: 1743181387986
[debug] [2025-03-28T16:36:34.979Z] >>> [apiv2][query] PATCH https://firebaseapphosting.googleapis.com/v1beta/projects/realestate-8877b/locations/us-central1/backends/realestateapp/traffic updateMask=rolloutPolicy
[debug] [2025-03-28T16:36:34.979Z] >>> [apiv2][body] PATCH https://firebaseapphosting.googleapis.com/v1beta/projects/realestate-8877b/locations/us-central1/backends/realestateapp/traffic {"rolloutPolicy":{"codebaseBranch":"main"},"name":"projects/realestate-8877b/locations/us-central1/backends/realestateapp/traffic"}
[debug] [2025-03-28T16:36:35.355Z] <<< [apiv2][status] PATCH https://firebaseapphosting.googleapis.com/v1beta/projects/realestate-8877b/locations/us-central1/backends/realestateapp/traffic 200
[debug] [2025-03-28T16:36:35.355Z] <<< [apiv2][body] PATCH https://firebaseapphosting.googleapis.com/v1beta/projects/realestate-8877b/locations/us-central1/backends/realestateapp/traffic {"name":"projects/realestate-8877b/locations/us-central1/operations/operation-1743179797046-63169ac952506-29607654-4f21d43a","metadata":{"@type":"type.googleapis.com/google.firebase.apphosting.v1beta.OperationMetadata","createTime":"2025-03-28T16:36:37.095597615Z","target":"projects/realestate-8877b/locations/us-central1/backends/realestateapp/traffic","verb":"update","requestedCancellation":false,"apiVersion":"v1beta"},"done":false}
[debug] [2025-03-28T16:36:35.355Z] Checked if tokens are valid: true, expires at: 1743181387986
[debug] [2025-03-28T16:36:35.355Z] Checked if tokens are valid: true, expires at: 1743181387986
[debug] [2025-03-28T16:36:35.355Z] >>> [apiv2][query] GET https://firebaseapphosting.googleapis.com/v1beta/projects/realestate-8877b/locations/us-central1/operations/operation-1743179797046-63169ac952506-29607654-4f21d43a [none]
[debug] [2025-03-28T16:36:35.712Z] <<< [apiv2][status] GET https://firebaseapphosting.googleapis.com/v1beta/projects/realestate-8877b/locations/us-central1/operations/operation-1743179797046-63169ac952506-29607654-4f21d43a 200
[debug] [2025-03-28T16:36:35.713Z] <<< [apiv2][body] GET https://firebaseapphosting.googleapis.com/v1beta/projects/realestate-8877b/locations/us-central1/operations/operation-1743179797046-63169ac952506-29607654-4f21d43a {"name":"projects/realestate-8877b/locations/us-central1/operations/operation-1743179797046-63169ac952506-29607654-4f21d43a","metadata":{"@type":"type.googleapis.com/google.firebase.apphosting.v1beta.OperationMetadata","createTime":"2025-03-28T16:36:37.095597615Z","endTime":"2025-03-28T16:36:37.147549269Z","target":"projects/realestate-8877b/locations/us-central1/backends/realestateapp/traffic","verb":"update","requestedCancellation":false,"apiVersion":"v1beta"},"done":true,"response":{"@type":"type.googleapis.com/google.firebase.apphosting.v1beta.Traffic","name":"projects/realestate-8877b/locations/us-central1/backends/realestateapp/traffic","rolloutPolicy":{"codebaseBranch":"main"},"reconciling":false,"createTime":"2025-03-28T16:36:37.088841326Z","updateTime":"2025-03-28T16:36:35.847878Z","etag":"ruB-p5471Xmohenm_ZHeHdNdkwop1U7_Z8mLRd2amZ8","uid":"174bfc4e-77b1-4c8b-8524-909c4d4352d8","current":{}}}
[info] i  You may also track this rollout at:
	https://console.firebase.google.com/project/realestate-8877b/apphosting 
[debug] [2025-03-28T16:36:39.252Z] Checked if tokens are valid: true, expires at: 1743181387986
[debug] [2025-03-28T16:36:39.252Z] Checked if tokens are valid: true, expires at: 1743181387986
[debug] [2025-03-28T16:36:39.252Z] >>> [apiv2][query] POST https://firebaseapphosting.googleapis.com/v1beta/projects/realestate-8877b/locations/us-central1/backends/realestateapp/builds buildId=build-2025-03-28-001
[debug] [2025-03-28T16:36:39.252Z] >>> [apiv2][body] POST https://firebaseapphosting.googleapis.com/v1beta/projects/realestate-8877b/locations/us-central1/backends/realestateapp/builds {"source":{"codebase":{"branch":"main"}},"labels":{"deployment-tool":"cli-firebase"}}
[debug] [2025-03-28T16:36:39.702Z] <<< [apiv2][status] POST https://firebaseapphosting.googleapis.com/v1beta/projects/realestate-8877b/locations/us-central1/backends/realestateapp/builds 200
[debug] [2025-03-28T16:36:39.702Z] <<< [apiv2][body] POST https://firebaseapphosting.googleapis.com/v1beta/projects/realestate-8877b/locations/us-central1/backends/realestateapp/builds {"name":"projects/realestate-8877b/locations/us-central1/operations/operation-1743179801318-63169acd6555d-51c56058-d049dfb1","metadata":{"@type":"type.googleapis.com/google.firebase.apphosting.v1beta.OperationMetadata","createTime":"2025-03-28T16:36:41.362011608Z","target":"projects/realestate-8877b/locations/us-central1/backends/realestateapp/builds/build-2025-03-28-001","verb":"create","requestedCancellation":false,"apiVersion":"v1beta"},"done":false}
[debug] [2025-03-28T16:36:39.702Z] Checked if tokens are valid: true, expires at: 1743181387986
[debug] [2025-03-28T16:36:39.702Z] Checked if tokens are valid: true, expires at: 1743181387986
[debug] [2025-03-28T16:36:39.702Z] >>> [apiv2][query] POST https://firebaseapphosting.googleapis.com/v1beta/projects/realestate-8877b/locations/us-central1/backends/realestateapp/rollouts rolloutId=build-2025-03-28-001&validateOnly=true
[debug] [2025-03-28T16:36:39.702Z] >>> [apiv2][body] POST https://firebaseapphosting.googleapis.com/v1beta/projects/realestate-8877b/locations/us-central1/backends/realestateapp/rollouts {"build":"projects/realestate-8877b/locations/us-central1/backends/realestateapp/builds/build-2025-03-28-001","labels":{"deployment-tool":"cli-firebase"}}
[debug] [2025-03-28T16:36:40.107Z] <<< [apiv2][status] POST https://firebaseapphosting.googleapis.com/v1beta/projects/realestate-8877b/locations/us-central1/backends/realestateapp/rollouts 400
[debug] [2025-03-28T16:36:40.107Z] <<< [apiv2][body] POST https://firebaseapphosting.googleapis.com/v1beta/projects/realestate-8877b/locations/us-central1/backends/realestateapp/rollouts {"error":{"code":400,"message":"The request was invalid: build \"build-2025-03-28-001\" was not found and is invalid","status":"INVALID_ARGUMENT","details":[{"@type":"type.googleapis.com/google.rpc.BadRequest","fieldViolations":[{"field":"build"}]},{"@type":"type.googleapis.com/google.rpc.RequestInfo","requestId":"d7b8da623f4fe70a"}]}}
[debug] [2025-03-28T16:36:41.121Z] Checked if tokens are valid: true, expires at: 1743181387986
[debug] [2025-03-28T16:36:41.121Z] Checked if tokens are valid: true, expires at: 1743181387986
[debug] [2025-03-28T16:36:41.121Z] >>> [apiv2][query] POST https://firebaseapphosting.googleapis.com/v1beta/projects/realestate-8877b/locations/us-central1/backends/realestateapp/rollouts rolloutId=build-2025-03-28-001&validateOnly=true
[debug] [2025-03-28T16:36:41.121Z] >>> [apiv2][body] POST https://firebaseapphosting.googleapis.com/v1beta/projects/realestate-8877b/locations/us-central1/backends/realestateapp/rollouts {"build":"projects/realestate-8877b/locations/us-central1/backends/realestateapp/builds/build-2025-03-28-001","labels":{"deployment-tool":"cli-firebase"}}
[debug] [2025-03-28T16:36:41.450Z] <<< [apiv2][status] POST https://firebaseapphosting.googleapis.com/v1beta/projects/realestate-8877b/locations/us-central1/backends/realestateapp/rollouts 200
[debug] [2025-03-28T16:36:41.450Z] <<< [apiv2][body] POST https://firebaseapphosting.googleapis.com/v1beta/projects/realestate-8877b/locations/us-central1/backends/realestateapp/rollouts {}
[debug] [2025-03-28T16:36:41.450Z] Checked if tokens are valid: true, expires at: 1743181387986
[debug] [2025-03-28T16:36:41.450Z] Checked if tokens are valid: true, expires at: 1743181387986
[debug] [2025-03-28T16:36:41.450Z] >>> [apiv2][query] POST https://firebaseapphosting.googleapis.com/v1beta/projects/realestate-8877b/locations/us-central1/backends/realestateapp/rollouts rolloutId=build-2025-03-28-001&validateOnly=false
[debug] [2025-03-28T16:36:41.450Z] >>> [apiv2][body] POST https://firebaseapphosting.googleapis.com/v1beta/projects/realestate-8877b/locations/us-central1/backends/realestateapp/rollouts {"build":"projects/realestate-8877b/locations/us-central1/backends/realestateapp/builds/build-2025-03-28-001","labels":{"deployment-tool":"cli-firebase"}}
[debug] [2025-03-28T16:36:41.857Z] <<< [apiv2][status] POST https://firebaseapphosting.googleapis.com/v1beta/projects/realestate-8877b/locations/us-central1/backends/realestateapp/rollouts 200
[debug] [2025-03-28T16:36:41.857Z] <<< [apiv2][body] POST https://firebaseapphosting.googleapis.com/v1beta/projects/realestate-8877b/locations/us-central1/backends/realestateapp/rollouts {"name":"projects/realestate-8877b/locations/us-central1/operations/operation-1743179803514-63169acf7d527-299b6dd0-ba37aa57","metadata":{"@type":"type.googleapis.com/google.firebase.apphosting.v1beta.OperationMetadata","createTime":"2025-03-28T16:36:43.535749858Z","target":"projects/realestate-8877b/locations/us-central1/backends/realestateapp/rollouts/build-2025-03-28-001","verb":"create","requestedCancellation":false,"apiVersion":"v1beta"},"done":false}
[debug] [2025-03-28T16:36:41.858Z] Checked if tokens are valid: true, expires at: 1743181387986
[debug] [2025-03-28T16:36:41.858Z] Checked if tokens are valid: true, expires at: 1743181387986
[debug] [2025-03-28T16:36:41.858Z] Checked if tokens are valid: true, expires at: 1743181387986
[debug] [2025-03-28T16:36:41.858Z] Checked if tokens are valid: true, expires at: 1743181387986
[debug] [2025-03-28T16:36:41.858Z] >>> [apiv2][query] GET https://firebaseapphosting.googleapis.com/v1beta/projects/realestate-8877b/locations/us-central1/operations/operation-1743179803514-63169acf7d527-299b6dd0-ba37aa57 [none]
[debug] [2025-03-28T16:36:41.858Z] >>> [apiv2][query] GET https://firebaseapphosting.googleapis.com/v1beta/projects/realestate-8877b/locations/us-central1/operations/operation-1743179801318-63169acd6555d-51c56058-d049dfb1 [none]
[debug] [2025-03-28T16:36:42.166Z] <<< [apiv2][status] GET https://firebaseapphosting.googleapis.com/v1beta/projects/realestate-8877b/locations/us-central1/operations/operation-1743179803514-63169acf7d527-299b6dd0-ba37aa57 200
[debug] [2025-03-28T16:36:42.166Z] <<< [apiv2][body] GET https://firebaseapphosting.googleapis.com/v1beta/projects/realestate-8877b/locations/us-central1/operations/operation-1743179803514-63169acf7d527-299b6dd0-ba37aa57 {"name":"projects/realestate-8877b/locations/us-central1/operations/operation-1743179803514-63169acf7d527-299b6dd0-ba37aa57","metadata":{"@type":"type.googleapis.com/google.firebase.apphosting.v1beta.OperationMetadata","createTime":"2025-03-28T16:36:43.535749858Z","endTime":"2025-03-28T16:36:43.581744253Z","target":"projects/realestate-8877b/locations/us-central1/backends/realestateapp/rollouts/build-2025-03-28-001","verb":"create","requestedCancellation":false,"apiVersion":"v1beta"},"done":true,"response":{"@type":"type.googleapis.com/google.firebase.apphosting.v1beta.Rollout","name":"projects/realestate-8877b/locations/us-central1/backends/realestateapp/rollouts/build-2025-03-28-001","createTime":"2025-03-28T16:36:43.525858759Z","updateTime":"2025-03-28T16:36:43.571790013Z","state":"QUEUED","build":"projects/realestate-8877b/locations/us-central1/backends/realestateapp/builds/build-2025-03-28-001","labels":{"deployment-tool":"cli-firebase"},"uid":"04709e61-42e6-454e-aa3e-d04c1d93eea8","etag":"kdJ4FhukpCxqZVTTdwZwm8r6sc82tNaRD5twBOAgS1E","reconciling":false}}
[debug] [2025-03-28T16:36:44.376Z] <<< [apiv2][status] GET https://firebaseapphosting.googleapis.com/v1beta/projects/realestate-8877b/locations/us-central1/operations/operation-1743179801318-63169acd6555d-51c56058-d049dfb1 200
[debug] [2025-03-28T16:36:44.376Z] <<< [apiv2][body] GET https://firebaseapphosting.googleapis.com/v1beta/projects/realestate-8877b/locations/us-central1/operations/operation-1743179801318-63169acd6555d-51c56058-d049dfb1 {"name":"projects/realestate-8877b/locations/us-central1/operations/operation-1743179801318-63169acd6555d-51c56058-d049dfb1","metadata":{"@type":"type.googleapis.com/google.firebase.apphosting.v1beta.OperationMetadata","createTime":"2025-03-28T16:36:41.362011608Z","target":"projects/realestate-8877b/locations/us-central1/backends/realestateapp/builds/build-2025-03-28-001","verb":"create","requestedCancellation":false,"apiVersion":"v1beta"},"done":false}
[debug] [2025-03-28T16:36:44.890Z] [create-realestate-8877b-us-central1-backend-realestateapp-build-build-2025-03-28-001] Retrying task index 0
[debug] [2025-03-28T16:36:44.891Z] Checked if tokens are valid: true, expires at: 1743181387986
[debug] [2025-03-28T16:36:44.891Z] Checked if tokens are valid: true, expires at: 1743181387986
[debug] [2025-03-28T16:36:44.891Z] >>> [apiv2][query] GET https://firebaseapphosting.googleapis.com/v1beta/projects/realestate-8877b/locations/us-central1/operations/operation-1743179801318-63169acd6555d-51c56058-d049dfb1 [none]
[debug] [2025-03-28T16:36:45.281Z] <<< [apiv2][status] GET https://firebaseapphosting.googleapis.com/v1beta/projects/realestate-8877b/locations/us-central1/operations/operation-1743179801318-63169acd6555d-51c56058-d049dfb1 200
[debug] [2025-03-28T16:36:45.281Z] <<< [apiv2][body] GET https://firebaseapphosting.googleapis.com/v1beta/projects/realestate-8877b/locations/us-central1/operations/operation-1743179801318-63169acd6555d-51c56058-d049dfb1 {"name":"projects/realestate-8877b/locations/us-central1/operations/operation-1743179801318-63169acd6555d-51c56058-d049dfb1","metadata":{"@type":"type.googleapis.com/google.firebase.apphosting.v1beta.OperationMetadata","createTime":"2025-03-28T16:36:41.362011608Z","target":"projects/realestate-8877b/locations/us-central1/backends/realestateapp/builds/build-2025-03-28-001","verb":"create","requestedCancellation":false,"apiVersion":"v1beta"},"done":false}
[debug] [2025-03-28T16:36:46.290Z] [create-realestate-8877b-us-central1-backend-realestateapp-build-build-2025-03-28-001] Retrying task index 0
[debug] [2025-03-28T16:36:46.290Z] Checked if tokens are valid: true, expires at: 1743181387986
[debug] [2025-03-28T16:36:46.290Z] Checked if tokens are valid: true, expires at: 1743181387986
[debug] [2025-03-28T16:36:46.290Z] >>> [apiv2][query] GET https://firebaseapphosting.googleapis.com/v1beta/projects/realestate-8877b/locations/us-central1/operations/operation-1743179801318-63169acd6555d-51c56058-d049dfb1 [none]
[debug] [2025-03-28T16:36:46.680Z] <<< [apiv2][status] GET https://firebaseapphosting.googleapis.com/v1beta/projects/realestate-8877b/locations/us-central1/operations/operation-1743179801318-63169acd6555d-51c56058-d049dfb1 200
[debug] [2025-03-28T16:36:46.680Z] <<< [apiv2][body] GET https://firebaseapphosting.googleapis.com/v1beta/projects/realestate-8877b/locations/us-central1/operations/operation-1743179801318-63169acd6555d-51c56058-d049dfb1 {"name":"projects/realestate-8877b/locations/us-central1/operations/operation-1743179801318-63169acd6555d-51c56058-d049dfb1","metadata":{"@type":"type.googleapis.com/google.firebase.apphosting.v1beta.OperationMetadata","createTime":"2025-03-28T16:36:41.362011608Z","target":"projects/realestate-8877b/locations/us-central1/backends/realestateapp/builds/build-2025-03-28-001","verb":"create","requestedCancellation":false,"apiVersion":"v1beta"},"done":false}
[debug] [2025-03-28T16:36:48.693Z] [create-realestate-8877b-us-central1-backend-realestateapp-build-build-2025-03-28-001] Retrying task index 0
[debug] [2025-03-28T16:36:48.693Z] Checked if tokens are valid: true, expires at: 1743181387986
[debug] [2025-03-28T16:36:48.693Z] Checked if tokens are valid: true, expires at: 1743181387986
[debug] [2025-03-28T16:36:48.693Z] >>> [apiv2][query] GET https://firebaseapphosting.googleapis.com/v1beta/projects/realestate-8877b/locations/us-central1/operations/operation-1743179801318-63169acd6555d-51c56058-d049dfb1 [none]
[debug] [2025-03-28T16:36:49.039Z] <<< [apiv2][status] GET https://firebaseapphosting.googleapis.com/v1beta/projects/realestate-8877b/locations/us-central1/operations/operation-1743179801318-63169acd6555d-51c56058-d049dfb1 200
[debug] [2025-03-28T16:36:49.039Z] <<< [apiv2][body] GET https://firebaseapphosting.googleapis.com/v1beta/projects/realestate-8877b/locations/us-central1/operations/operation-1743179801318-63169acd6555d-51c56058-d049dfb1 {"name":"projects/realestate-8877b/locations/us-central1/operations/operation-1743179801318-63169acd6555d-51c56058-d049dfb1","metadata":{"@type":"type.googleapis.com/google.firebase.apphosting.v1beta.OperationMetadata","createTime":"2025-03-28T16:36:41.362011608Z","target":"projects/realestate-8877b/locations/us-central1/backends/realestateapp/builds/build-2025-03-28-001","verb":"create","requestedCancellation":false,"apiVersion":"v1beta"},"done":false}
[debug] [2025-03-28T16:36:53.046Z] [create-realestate-8877b-us-central1-backend-realestateapp-build-build-2025-03-28-001] Retrying task index 0
[debug] [2025-03-28T16:36:53.047Z] Checked if tokens are valid: true, expires at: 1743181387986
[debug] [2025-03-28T16:36:53.047Z] Checked if tokens are valid: true, expires at: 1743181387986
[debug] [2025-03-28T16:36:53.047Z] >>> [apiv2][query] GET https://firebaseapphosting.googleapis.com/v1beta/projects/realestate-8877b/locations/us-central1/operations/operation-1743179801318-63169acd6555d-51c56058-d049dfb1 [none]
[debug] [2025-03-28T16:36:53.398Z] <<< [apiv2][status] GET https://firebaseapphosting.googleapis.com/v1beta/projects/realestate-8877b/locations/us-central1/operations/operation-1743179801318-63169acd6555d-51c56058-d049dfb1 200
[debug] [2025-03-28T16:36:53.398Z] <<< [apiv2][body] GET https://firebaseapphosting.googleapis.com/v1beta/projects/realestate-8877b/locations/us-central1/operations/operation-1743179801318-63169acd6555d-51c56058-d049dfb1 {"name":"projects/realestate-8877b/locations/us-central1/operations/operation-1743179801318-63169acd6555d-51c56058-d049dfb1","metadata":{"@type":"type.googleapis.com/google.firebase.apphosting.v1beta.OperationMetadata","createTime":"2025-03-28T16:36:41.362011608Z","target":"projects/realestate-8877b/locations/us-central1/backends/realestateapp/builds/build-2025-03-28-001","verb":"create","requestedCancellation":false,"apiVersion":"v1beta"},"done":false}
[debug] [2025-03-28T16:37:01.411Z] [create-realestate-8877b-us-central1-backend-realestateapp-build-build-2025-03-28-001] Retrying task index 0
[debug] [2025-03-28T16:37:01.412Z] Checked if tokens are valid: true, expires at: 1743181387986
[debug] [2025-03-28T16:37:01.412Z] Checked if tokens are valid: true, expires at: 1743181387986
[debug] [2025-03-28T16:37:01.412Z] >>> [apiv2][query] GET https://firebaseapphosting.googleapis.com/v1beta/projects/realestate-8877b/locations/us-central1/operations/operation-1743179801318-63169acd6555d-51c56058-d049dfb1 [none]
[debug] [2025-03-28T16:37:03.273Z] <<< [apiv2][status] GET https://firebaseapphosting.googleapis.com/v1beta/projects/realestate-8877b/locations/us-central1/operations/operation-1743179801318-63169acd6555d-51c56058-d049dfb1 200
[debug] [2025-03-28T16:37:03.273Z] <<< [apiv2][body] GET https://firebaseapphosting.googleapis.com/v1beta/projects/realestate-8877b/locations/us-central1/operations/operation-1743179801318-63169acd6555d-51c56058-d049dfb1 {"name":"projects/realestate-8877b/locations/us-central1/operations/operation-1743179801318-63169acd6555d-51c56058-d049dfb1","metadata":{"@type":"type.googleapis.com/google.firebase.apphosting.v1beta.OperationMetadata","createTime":"2025-03-28T16:36:41.362011608Z","target":"projects/realestate-8877b/locations/us-central1/backends/realestateapp/builds/build-2025-03-28-001","verb":"create","requestedCancellation":false,"apiVersion":"v1beta"},"done":false}
[debug] [2025-03-28T16:37:13.280Z] [create-realestate-8877b-us-central1-backend-realestateapp-build-build-2025-03-28-001] Retrying task index 0
[debug] [2025-03-28T16:37:13.280Z] Checked if tokens are valid: true, expires at: 1743181387986
[debug] [2025-03-28T16:37:13.280Z] Checked if tokens are valid: true, expires at: 1743181387986
[debug] [2025-03-28T16:37:13.280Z] >>> [apiv2][query] GET https://firebaseapphosting.googleapis.com/v1beta/projects/realestate-8877b/locations/us-central1/operations/operation-1743179801318-63169acd6555d-51c56058-d049dfb1 [none]
[debug] [2025-03-28T16:37:43.212Z] ----------------------------------------------------------------------
[debug] [2025-03-28T16:37:43.215Z] Command:       C:\Program Files\nodejs\node.exe C:\Users\Chand\AppData\Roaming\npm\node_modules\firebase-tools\lib\bin\firebase.js deploy --only apphosting
[debug] [2025-03-28T16:37:43.215Z] CLI Version:   14.0.0
[debug] [2025-03-28T16:37:43.215Z] Platform:      win32
[debug] [2025-03-28T16:37:43.215Z] Node Version:  v22.14.0
[debug] [2025-03-28T16:37:43.215Z] Time:          Fri Mar 28 2025 22:07:43 GMT+0530 (India Standard Time)
[debug] [2025-03-28T16:37:43.215Z] ----------------------------------------------------------------------
[debug] 
[debug] [2025-03-28T16:37:43.369Z] Object "" in "firebase.json" has unknown property: {"additionalProperty":"apphosting"}
[debug] [2025-03-28T16:37:48.411Z] Error: Timed out.
    at Timeout._onTimeout (C:\Users\Chand\AppData\Roaming\npm\node_modules\firebase-tools\lib\utils.js:269:49)
    at listOnTimeout (node:internal/timers:594:17)
    at process.processTimers (node:internal/timers:529:7)
[error] 
[error] Error: An unexpected error has occurred.
